::1 - - [12/Mar/2021:06:13:59 +0000] "GET / HTTP/1.1" 404 139 "-" "Mozilla/5.0 (Windows NT 10.0; Win64; x64) AppleWebKit/537.36 (KHTML, like Gecko) Chrome/89.0.4389.82 Safari/537.36"
::1 - - [12/Mar/2021:06:14:17 +0000] "GET /grapiql HTTP/1.1" 404 146 "-" "Mozilla/5.0 (Windows NT 10.0; Win64; x64) AppleWebKit/537.36 (KHTML, like Gecko) Chrome/89.0.4389.82 Safari/537.36"
::1 - - [12/Mar/2021:06:14:26 +0000] "GET /graphiql HTTP/1.1" 404 147 "-" "Mozilla/5.0 (Windows NT 10.0; Win64; x64) AppleWebKit/537.36 (KHTML, like Gecko) Chrome/89.0.4389.82 Safari/537.36"
::1 - - [12/Mar/2021:06:15:25 +0000] "GET /graphql HTTP/1.1" 200 - "-" "Mozilla/5.0 (Windows NT 10.0; Win64; x64) AppleWebKit/537.36 (KHTML, like Gecko) Chrome/89.0.4389.82 Safari/537.36"
::1 - - [12/Mar/2021:06:15:25 +0000] "GET /favicon.ico HTTP/1.1" 404 150 "http://localhost:5000/" "Mozilla/5.0 (Windows NT 10.0; Win64; x64) AppleWebKit/537.36 (KHTML, like Gecko) Chrome/89.0.4389.82 Safari/537.36"
::1 - - [12/Mar/2021:06:15:53 +0000] "GET /graphiql HTTP/1.1" 404 147 "-" "Mozilla/5.0 (Windows NT 10.0; Win64; x64) AppleWebKit/537.36 (KHTML, like Gecko) Chrome/89.0.4389.82 Safari/537.36"
::1 - - [12/Mar/2021:06:16:00 +0000] "GET /graphql HTTP/1.1" 200 - "-" "Mozilla/5.0 (Windows NT 10.0; Win64; x64) AppleWebKit/537.36 (KHTML, like Gecko) Chrome/89.0.4389.82 Safari/537.36"
::1 - - [12/Mar/2021:06:16:15 +0000] "POST /graphql HTTP/1.1" 500 97 "-" "PostmanRuntime/7.26.10"
::1 - - [12/Mar/2021:06:18:30 +0000] "POST /graphql HTTP/1.1" 500 97 "-" "PostmanRuntime/7.26.10"
::1 - - [12/Mar/2021:06:19:12 +0000] "POST /graphql HTTP/1.1" 500 97 "-" "PostmanRuntime/7.26.10"
::1 - - [12/Mar/2021:06:19:15 +0000] "POST /graphql HTTP/1.1" 500 97 "-" "PostmanRuntime/7.26.10"
::1 - - [12/Mar/2021:06:19:16 +0000] "POST /graphql HTTP/1.1" 500 97 "-" "PostmanRuntime/7.26.10"
::1 - - [12/Mar/2021:06:19:16 +0000] "POST /graphql HTTP/1.1" 500 97 "-" "PostmanRuntime/7.26.10"
::1 - - [12/Mar/2021:06:20:22 +0000] "POST /graphql HTTP/1.1" 500 97 "-" "PostmanRuntime/7.26.10"
::1 - - [12/Mar/2021:06:24:57 +0000] "POST /graphql HTTP/1.1" 500 97 "-" "PostmanRuntime/7.26.10"
::1 - - [12/Mar/2021:06:34:18 +0000] "POST /graphql HTTP/1.1" 500 97 "-" "PostmanRuntime/7.26.10"
::ffff:127.0.0.1 - - [12/Mar/2021:06:35:06 +0000] "POST /graphql HTTP/1.1" 500 97 "-" "PostmanRuntime/7.26.10"
::1 - - [12/Mar/2021:06:35:15 +0000] "POST /graphql HTTP/1.1" 500 97 "-" "PostmanRuntime/7.26.10"
::1 - - [12/Mar/2021:06:35:31 +0000] "POST /graphql HTTP/1.1" 500 97 "-" "PostmanRuntime/7.26.10"
::1 - - [12/Mar/2021:06:35:44 +0000] "POST /graphql HTTP/1.1" 500 97 "-" "PostmanRuntime/7.26.10"
::1 - - [12/Mar/2021:06:55:57 +0000] "POST /graphql HTTP/1.1" 500 97 "-" "PostmanRuntime/7.26.10"
::1 - - [12/Mar/2021:07:24:35 +0000] "POST /graphql HTTP/1.1" 400 53 "http://localhost:3000/" "Mozilla/5.0 (Windows NT 10.0; Win64; x64) AppleWebKit/537.36 (KHTML, like Gecko) Chrome/89.0.4389.82 Safari/537.36"
::1 - - [12/Mar/2021:07:25:34 +0000] "POST /graphql HTTP/1.1" 400 53 "http://localhost:3000/" "Mozilla/5.0 (Windows NT 10.0; Win64; x64) AppleWebKit/537.36 (KHTML, like Gecko) Chrome/89.0.4389.82 Safari/537.36"
::1 - - [12/Mar/2021:07:25:44 +0000] "POST /graphql HTTP/1.1" 400 53 "http://localhost:3000/" "Mozilla/5.0 (Windows NT 10.0; Win64; x64) AppleWebKit/537.36 (KHTML, like Gecko) Chrome/89.0.4389.82 Safari/537.36"
::1 - - [12/Mar/2021:07:33:36 +0000] "POST /graphql HTTP/1.1" 500 97 "http://localhost:3000/" "Mozilla/5.0 (Windows NT 10.0; Win64; x64) AppleWebKit/537.36 (KHTML, like Gecko) Chrome/89.0.4389.82 Safari/537.36"
::1 - - [12/Mar/2021:07:35:50 +0000] "POST /graphql HTTP/1.1" 200 149 "http://localhost:3000/" "Mozilla/5.0 (Windows NT 10.0; Win64; x64) AppleWebKit/537.36 (KHTML, like Gecko) Chrome/89.0.4389.82 Safari/537.36"
::1 - - [12/Mar/2021:07:36:09 +0000] "POST /graphql HTTP/1.1" 200 149 "http://localhost:3000/" "Mozilla/5.0 (Windows NT 10.0; Win64; x64) AppleWebKit/537.36 (KHTML, like Gecko) Chrome/89.0.4389.82 Safari/537.36"
::1 - - [12/Mar/2021:07:39:23 +0000] "POST /graphql HTTP/1.1" 400 124 "http://localhost:3000/" "Mozilla/5.0 (Windows NT 10.0; Win64; x64) AppleWebKit/537.36 (KHTML, like Gecko) Chrome/89.0.4389.82 Safari/537.36"
::1 - - [12/Mar/2021:07:40:08 +0000] "POST /graphql HTTP/1.1" 200 149 "http://localhost:3000/" "Mozilla/5.0 (Windows NT 10.0; Win64; x64) AppleWebKit/537.36 (KHTML, like Gecko) Chrome/89.0.4389.82 Safari/537.36"
::1 - - [12/Mar/2021:07:41:56 +0000] "POST /graphql HTTP/1.1" 200 154 "http://localhost:3000/" "Mozilla/5.0 (Windows NT 10.0; Win64; x64) AppleWebKit/537.36 (KHTML, like Gecko) Chrome/89.0.4389.82 Safari/537.36"
::1 - - [12/Mar/2021:07:49:20 +0000] "POST /graphql HTTP/1.1" 200 154 "http://localhost:3000/" "Mozilla/5.0 (Windows NT 10.0; Win64; x64) AppleWebKit/537.36 (KHTML, like Gecko) Chrome/89.0.4389.82 Safari/537.36"
::1 - - [12/Mar/2021:08:20:57 +0000] "POST /graphql HTTP/1.1" 200 154 "http://localhost:3000/" "Mozilla/5.0 (Windows NT 10.0; Win64; x64) AppleWebKit/537.36 (KHTML, like Gecko) Chrome/89.0.4389.82 Safari/537.36"
::1 - - [12/Mar/2021:08:21:47 +0000] "POST /graphql HTTP/1.1" 400 129 "http://localhost:3000/" "Mozilla/5.0 (Windows NT 10.0; Win64; x64) AppleWebKit/537.36 (KHTML, like Gecko) Chrome/89.0.4389.82 Safari/537.36"
::1 - - [12/Mar/2021:08:26:36 +0000] "POST /graphql HTTP/1.1" 400 129 "http://localhost:3000/" "Mozilla/5.0 (Windows NT 10.0; Win64; x64) AppleWebKit/537.36 (KHTML, like Gecko) Chrome/89.0.4389.82 Safari/537.36"
::1 - - [12/Mar/2021:09:55:11 +0000] "POST /graphql HTTP/1.1" 400 129 "http://localhost:3000/" "Mozilla/5.0 (Windows NT 10.0; Win64; x64) AppleWebKit/537.36 (KHTML, like Gecko) Chrome/89.0.4389.82 Safari/537.36"
::1 - - [12/Mar/2021:09:56:00 +0000] "POST /graphql HTTP/1.1" 400 129 "http://localhost:3000/" "Mozilla/5.0 (Windows NT 10.0; Win64; x64) AppleWebKit/537.36 (KHTML, like Gecko) Chrome/89.0.4389.82 Safari/537.36"
::1 - - [12/Mar/2021:09:57:22 +0000] "POST /graphql HTTP/1.1" 400 129 "http://localhost:3000/" "Mozilla/5.0 (Windows NT 10.0; Win64; x64) AppleWebKit/537.36 (KHTML, like Gecko) Chrome/89.0.4389.82 Safari/537.36"
::1 - - [12/Mar/2021:09:57:45 +0000] "POST /graphql HTTP/1.1" 400 129 "http://localhost:3000/" "Mozilla/5.0 (Windows NT 10.0; Win64; x64) AppleWebKit/537.36 (KHTML, like Gecko) Chrome/89.0.4389.82 Safari/537.36"
::1 - - [12/Mar/2021:09:58:19 +0000] "POST /graphql HTTP/1.1" 200 154 "http://localhost:3000/" "Mozilla/5.0 (Windows NT 10.0; Win64; x64) AppleWebKit/537.36 (KHTML, like Gecko) Chrome/89.0.4389.82 Safari/537.36"
::1 - - [12/Mar/2021:09:59:03 +0000] "POST /graphql HTTP/1.1" 200 154 "http://localhost:3000/" "Mozilla/5.0 (Windows NT 10.0; Win64; x64) AppleWebKit/537.36 (KHTML, like Gecko) Chrome/89.0.4389.82 Safari/537.36"
::1 - - [12/Mar/2021:09:59:03 +0000] "POST /graphql HTTP/1.1" 200 154 "http://localhost:3000/" "Mozilla/5.0 (Windows NT 10.0; Win64; x64) AppleWebKit/537.36 (KHTML, like Gecko) Chrome/89.0.4389.82 Safari/537.36"
::1 - - [12/Mar/2021:09:59:08 +0000] "POST /graphql HTTP/1.1" 200 154 "http://localhost:3000/" "Mozilla/5.0 (Windows NT 10.0; Win64; x64) AppleWebKit/537.36 (KHTML, like Gecko) Chrome/89.0.4389.82 Safari/537.36"
::1 - - [12/Mar/2021:09:59:17 +0000] "POST /graphql HTTP/1.1" 400 102 "http://localhost:3000/" "Mozilla/5.0 (Windows NT 10.0; Win64; x64) AppleWebKit/537.36 (KHTML, like Gecko) Chrome/89.0.4389.82 Safari/537.36"
::1 - - [12/Mar/2021:10:12:30 +0000] "POST /graphql HTTP/1.1" 200 154 "http://localhost:3000/" "Mozilla/5.0 (Windows NT 10.0; Win64; x64) AppleWebKit/537.36 (KHTML, like Gecko) Chrome/89.0.4389.82 Safari/537.36"
::1 - - [12/Mar/2021:10:12:45 +0000] "POST /graphql HTTP/1.1" 400 105 "http://localhost:3000/" "Mozilla/5.0 (Windows NT 10.0; Win64; x64) AppleWebKit/537.36 (KHTML, like Gecko) Chrome/89.0.4389.82 Safari/537.36"
::1 - - [12/Mar/2021:10:13:09 +0000] "POST /graphql HTTP/1.1" 400 105 "http://localhost:3000/" "Mozilla/5.0 (Windows NT 10.0; Win64; x64) AppleWebKit/537.36 (KHTML, like Gecko) Chrome/89.0.4389.82 Safari/537.36"
::1 - - [12/Mar/2021:12:14:25 +0000] "POST /graphql HTTP/1.1" 200 154 "http://localhost:3000/" "Mozilla/5.0 (Windows NT 10.0; Win64; x64) AppleWebKit/537.36 (KHTML, like Gecko) Chrome/89.0.4389.82 Safari/537.36"
::1 - - [12/Mar/2021:12:32:40 +0000] "POST /graphql HTTP/1.1" 200 154 "http://localhost:3000/" "Mozilla/5.0 (Windows NT 10.0; Win64; x64) AppleWebKit/537.36 (KHTML, like Gecko) Chrome/89.0.4389.82 Safari/537.36"
::1 - - [12/Mar/2021:16:52:20 +0000] "POST /graphql HTTP/1.1" 200 154 "http://localhost:3000/" "Mozilla/5.0 (Windows NT 10.0; Win64; x64) AppleWebKit/537.36 (KHTML, like Gecko) Chrome/89.0.4389.82 Safari/537.36"
::1 - - [12/Mar/2021:16:53:41 +0000] "POST /graphql HTTP/1.1" 200 154 "http://localhost:3000/" "Mozilla/5.0 (Windows NT 10.0; Win64; x64) AppleWebKit/537.36 (KHTML, like Gecko) Chrome/89.0.4389.82 Safari/537.36"
::1 - - [12/Mar/2021:16:54:18 +0000] "POST /graphql HTTP/1.1" 200 154 "http://localhost:3000/" "Mozilla/5.0 (Windows NT 10.0; Win64; x64) AppleWebKit/537.36 (KHTML, like Gecko) Chrome/89.0.4389.82 Safari/537.36"
::1 - - [12/Mar/2021:16:56:01 +0000] "POST /graphql HTTP/1.1" 200 154 "http://localhost:3000/" "Mozilla/5.0 (Windows NT 10.0; Win64; x64) AppleWebKit/537.36 (KHTML, like Gecko) Chrome/89.0.4389.82 Safari/537.36"
::1 - - [12/Mar/2021:16:56:14 +0000] "POST /graphql HTTP/1.1" 200 154 "http://localhost:3000/" "Mozilla/5.0 (Windows NT 10.0; Win64; x64) AppleWebKit/537.36 (KHTML, like Gecko) Chrome/89.0.4389.82 Safari/537.36"
::1 - - [12/Mar/2021:19:14:36 +0000] "POST /graphql HTTP/1.1" 200 154 "http://localhost:3000/" "Mozilla/5.0 (Windows NT 10.0; Win64; x64) AppleWebKit/537.36 (KHTML, like Gecko) Chrome/89.0.4389.82 Safari/537.36"
::1 - - [12/Mar/2021:20:13:52 +0000] "POST /graphql HTTP/1.1" 200 154 "http://localhost:3000/" "Mozilla/5.0 (Windows NT 10.0; Win64; x64) AppleWebKit/537.36 (KHTML, like Gecko) Chrome/89.0.4389.82 Safari/537.36"
::1 - - [12/Mar/2021:20:15:45 +0000] "POST /graphql HTTP/1.1" 200 154 "http://localhost:3000/" "Mozilla/5.0 (Windows NT 10.0; Win64; x64) AppleWebKit/537.36 (KHTML, like Gecko) Chrome/89.0.4389.82 Safari/537.36"
::1 - - [12/Mar/2021:20:19:59 +0000] "POST /graphql HTTP/1.1" 200 144 "http://localhost:3000/" "Mozilla/5.0 (Windows NT 10.0; Win64; x64) AppleWebKit/537.36 (KHTML, like Gecko) Chrome/89.0.4389.82 Safari/537.36"
::1 - - [12/Mar/2021:20:22:18 +0000] "POST /graphql HTTP/1.1" 200 149 "http://localhost:3000/" "Mozilla/5.0 (Windows NT 10.0; Win64; x64) AppleWebKit/537.36 (KHTML, like Gecko) Chrome/89.0.4389.82 Safari/537.36"
::1 - - [13/Mar/2021:06:05:58 +0000] "POST /graphql HTTP/1.1" 200 151 "http://localhost:3000/" "Mozilla/5.0 (Windows NT 10.0; Win64; x64) AppleWebKit/537.36 (KHTML, like Gecko) Chrome/89.0.4389.82 Safari/537.36"
::1 - - [13/Mar/2021:06:07:53 +0000] "POST /graphql HTTP/1.1" 500 27 "http://localhost:3000/" "Mozilla/5.0 (Windows NT 10.0; Win64; x64) AppleWebKit/537.36 (KHTML, like Gecko) Chrome/89.0.4389.82 Safari/537.36"
::1 - - [13/Mar/2021:06:09:24 +0000] "POST /graphql HTTP/1.1" 500 27 "http://localhost:3000/" "Mozilla/5.0 (Windows NT 10.0; Win64; x64) AppleWebKit/537.36 (KHTML, like Gecko) Chrome/89.0.4389.82 Safari/537.36"
::1 - - [13/Mar/2021:06:10:07 +0000] "POST /graphql HTTP/1.1" 500 27 "http://localhost:3000/" "Mozilla/5.0 (Windows NT 10.0; Win64; x64) AppleWebKit/537.36 (KHTML, like Gecko) Chrome/89.0.4389.82 Safari/537.36"
::1 - - [13/Mar/2021:06:10:57 +0000] "POST /graphql HTTP/1.1" 500 27 "http://localhost:3000/" "Mozilla/5.0 (Windows NT 10.0; Win64; x64) AppleWebKit/537.36 (KHTML, like Gecko) Chrome/89.0.4389.82 Safari/537.36"
::1 - - [13/Mar/2021:06:11:38 +0000] "POST /graphql HTTP/1.1" 500 27 "http://localhost:3000/" "Mozilla/5.0 (Windows NT 10.0; Win64; x64) AppleWebKit/537.36 (KHTML, like Gecko) Chrome/89.0.4389.82 Safari/537.36"
::1 - - [13/Mar/2021:06:12:20 +0000] "POST /graphql HTTP/1.1" 500 27 "http://localhost:3000/" "Mozilla/5.0 (Windows NT 10.0; Win64; x64) AppleWebKit/537.36 (KHTML, like Gecko) Chrome/89.0.4389.82 Safari/537.36"
::1 - - [13/Mar/2021:06:12:20 +0000] "POST /graphql HTTP/1.1" 500 27 "http://localhost:3000/" "Mozilla/5.0 (Windows NT 10.0; Win64; x64) AppleWebKit/537.36 (KHTML, like Gecko) Chrome/89.0.4389.82 Safari/537.36"
::1 - - [13/Mar/2021:06:12:41 +0000] "POST /graphql HTTP/1.1" 500 27 "http://localhost:3000/" "Mozilla/5.0 (Windows NT 10.0; Win64; x64) AppleWebKit/537.36 (KHTML, like Gecko) Chrome/89.0.4389.82 Safari/537.36"
::1 - - [13/Mar/2021:06:13:44 +0000] "POST /graphql HTTP/1.1" 500 27 "http://localhost:3000/" "Mozilla/5.0 (Windows NT 10.0; Win64; x64) AppleWebKit/537.36 (KHTML, like Gecko) Chrome/89.0.4389.82 Safari/537.36"
::1 - - [13/Mar/2021:06:15:29 +0000] "POST /graphql HTTP/1.1" 500 27 "http://localhost:3000/" "Mozilla/5.0 (Windows NT 10.0; Win64; x64) AppleWebKit/537.36 (KHTML, like Gecko) Chrome/89.0.4389.82 Safari/537.36"
::1 - - [13/Mar/2021:06:17:15 +0000] "POST /graphql HTTP/1.1" 500 27 "http://localhost:3000/" "Mozilla/5.0 (Windows NT 10.0; Win64; x64) AppleWebKit/537.36 (KHTML, like Gecko) Chrome/89.0.4389.82 Safari/537.36"
::1 - - [13/Mar/2021:06:17:45 +0000] "POST /graphql HTTP/1.1" 500 27 "http://localhost:3000/" "Mozilla/5.0 (Windows NT 10.0; Win64; x64) AppleWebKit/537.36 (KHTML, like Gecko) Chrome/89.0.4389.82 Safari/537.36"
::1 - - [13/Mar/2021:06:19:25 +0000] "POST /graphql HTTP/1.1" 500 27 "http://localhost:3000/" "Mozilla/5.0 (Windows NT 10.0; Win64; x64) AppleWebKit/537.36 (KHTML, like Gecko) Chrome/89.0.4389.82 Safari/537.36"
::1 - - [13/Mar/2021:06:21:32 +0000] "POST /graphql HTTP/1.1" 500 27 "http://localhost:3000/" "Mozilla/5.0 (Windows NT 10.0; Win64; x64) AppleWebKit/537.36 (KHTML, like Gecko) Chrome/89.0.4389.82 Safari/537.36"
::1 - - [13/Mar/2021:06:21:49 +0000] "POST /graphql HTTP/1.1" 500 27 "http://localhost:3000/" "Mozilla/5.0 (Windows NT 10.0; Win64; x64) AppleWebKit/537.36 (KHTML, like Gecko) Chrome/89.0.4389.82 Safari/537.36"
::1 - - [13/Mar/2021:06:22:25 +0000] "POST /graphql HTTP/1.1" 500 27 "http://localhost:3000/" "Mozilla/5.0 (Windows NT 10.0; Win64; x64) AppleWebKit/537.36 (KHTML, like Gecko) Chrome/89.0.4389.82 Safari/537.36"
::1 - - [13/Mar/2021:06:23:00 +0000] "POST /graphql HTTP/1.1" 500 27 "http://localhost:3000/" "Mozilla/5.0 (Windows NT 10.0; Win64; x64) AppleWebKit/537.36 (KHTML, like Gecko) Chrome/89.0.4389.82 Safari/537.36"
::1 - - [13/Mar/2021:06:24:11 +0000] "POST /graphql HTTP/1.1" 500 27 "http://localhost:3000/" "Mozilla/5.0 (Windows NT 10.0; Win64; x64) AppleWebKit/537.36 (KHTML, like Gecko) Chrome/89.0.4389.82 Safari/537.36"
::1 - - [13/Mar/2021:06:26:48 +0000] "POST /graphql HTTP/1.1" 500 27 "http://localhost:3000/" "Mozilla/5.0 (Windows NT 10.0; Win64; x64) AppleWebKit/537.36 (KHTML, like Gecko) Chrome/89.0.4389.82 Safari/537.36"
::1 - - [13/Mar/2021:06:28:13 +0000] "POST /graphql HTTP/1.1" 500 27 "http://localhost:3000/" "Mozilla/5.0 (Windows NT 10.0; Win64; x64) AppleWebKit/537.36 (KHTML, like Gecko) Chrome/89.0.4389.82 Safari/537.36"
::1 - - [13/Mar/2021:06:29:10 +0000] "POST /graphql HTTP/1.1" 500 27 "http://localhost:3000/" "Mozilla/5.0 (Windows NT 10.0; Win64; x64) AppleWebKit/537.36 (KHTML, like Gecko) Chrome/89.0.4389.82 Safari/537.36"
::1 - - [13/Mar/2021:06:29:31 +0000] "POST /graphql HTTP/1.1" 500 27 "http://localhost:3000/" "Mozilla/5.0 (Windows NT 10.0; Win64; x64) AppleWebKit/537.36 (KHTML, like Gecko) Chrome/89.0.4389.82 Safari/537.36"
::1 - - [13/Mar/2021:06:29:54 +0000] "POST /graphql HTTP/1.1" 500 27 "http://localhost:3000/" "Mozilla/5.0 (Windows NT 10.0; Win64; x64) AppleWebKit/537.36 (KHTML, like Gecko) Chrome/89.0.4389.82 Safari/537.36"
::1 - - [13/Mar/2021:06:52:06 +0000] "POST /graphql HTTP/1.1" 500 27 "http://localhost:3000/" "Mozilla/5.0 (Windows NT 10.0; Win64; x64) AppleWebKit/537.36 (KHTML, like Gecko) Chrome/89.0.4389.82 Safari/537.36"
::1 - - [13/Mar/2021:06:53:01 +0000] "POST /graphql HTTP/1.1" 500 27 "http://localhost:3000/" "Mozilla/5.0 (Windows NT 10.0; Win64; x64) AppleWebKit/537.36 (KHTML, like Gecko) Chrome/89.0.4389.82 Safari/537.36"
::1 - - [13/Mar/2021:06:53:02 +0000] "POST /graphql HTTP/1.1" 500 27 "http://localhost:3000/" "Mozilla/5.0 (Windows NT 10.0; Win64; x64) AppleWebKit/537.36 (KHTML, like Gecko) Chrome/89.0.4389.82 Safari/537.36"
::1 - - [13/Mar/2021:06:53:32 +0000] "POST /graphql HTTP/1.1" 500 27 "http://localhost:3000/" "Mozilla/5.0 (Windows NT 10.0; Win64; x64) AppleWebKit/537.36 (KHTML, like Gecko) Chrome/89.0.4389.82 Safari/537.36"
::ffff:127.0.0.1 - - [13/Mar/2021:06:53:58 +0000] "POST /graphql HTTP/1.1" 500 27 "http://localhost:3000/" "Mozilla/5.0 (Windows NT 10.0; Win64; x64) AppleWebKit/537.36 (KHTML, like Gecko) Chrome/89.0.4389.82 Safari/537.36"
::1 - - [13/Mar/2021:06:54:24 +0000] "POST /graphql HTTP/1.1" 500 27 "http://localhost:3000/" "Mozilla/5.0 (Windows NT 10.0; Win64; x64) AppleWebKit/537.36 (KHTML, like Gecko) Chrome/89.0.4389.82 Safari/537.36"
::1 - - [13/Mar/2021:06:54:53 +0000] "POST /graphql HTTP/1.1" 500 27 "http://localhost:3000/" "Mozilla/5.0 (Windows NT 10.0; Win64; x64) AppleWebKit/537.36 (KHTML, like Gecko) Chrome/89.0.4389.82 Safari/537.36"
::1 - - [13/Mar/2021:06:55:24 +0000] "POST /graphql HTTP/1.1" 500 27 "http://localhost:3000/" "Mozilla/5.0 (Windows NT 10.0; Win64; x64) AppleWebKit/537.36 (KHTML, like Gecko) Chrome/89.0.4389.82 Safari/537.36"
::1 - - [13/Mar/2021:06:58:12 +0000] "POST /graphql HTTP/1.1" 500 27 "http://localhost:3000/" "Mozilla/5.0 (Windows NT 10.0; Win64; x64) AppleWebKit/537.36 (KHTML, like Gecko) Chrome/89.0.4389.82 Safari/537.36"
::1 - - [13/Mar/2021:06:59:07 +0000] "POST /graphql HTTP/1.1" 500 27 "http://localhost:3000/" "Mozilla/5.0 (Windows NT 10.0; Win64; x64) AppleWebKit/537.36 (KHTML, like Gecko) Chrome/89.0.4389.82 Safari/537.36"
::1 - - [13/Mar/2021:07:00:01 +0000] "POST /graphql HTTP/1.1" 500 27 "http://localhost:3000/" "Mozilla/5.0 (Windows NT 10.0; Win64; x64) AppleWebKit/537.36 (KHTML, like Gecko) Chrome/89.0.4389.82 Safari/537.36"
::1 - - [13/Mar/2021:07:02:51 +0000] "POST /graphql HTTP/1.1" 500 27 "http://localhost:3000/" "Mozilla/5.0 (Windows NT 10.0; Win64; x64) AppleWebKit/537.36 (KHTML, like Gecko) Chrome/89.0.4389.82 Safari/537.36"
::1 - - [13/Mar/2021:07:03:35 +0000] "POST /graphql HTTP/1.1" 500 27 "http://localhost:3000/" "Mozilla/5.0 (Windows NT 10.0; Win64; x64) AppleWebKit/537.36 (KHTML, like Gecko) Chrome/89.0.4389.82 Safari/537.36"
::1 - - [13/Mar/2021:07:04:05 +0000] "POST /graphql HTTP/1.1" 500 43 "http://localhost:3000/" "Mozilla/5.0 (Windows NT 10.0; Win64; x64) AppleWebKit/537.36 (KHTML, like Gecko) Chrome/89.0.4389.82 Safari/537.36"
::1 - - [13/Mar/2021:07:04:48 +0000] "POST /graphql HTTP/1.1" 500 86 "http://localhost:3000/" "Mozilla/5.0 (Windows NT 10.0; Win64; x64) AppleWebKit/537.36 (KHTML, like Gecko) Chrome/89.0.4389.82 Safari/537.36"
::1 - - [13/Mar/2021:07:05:19 +0000] "POST /graphql HTTP/1.1" 500 243 "http://localhost:3000/" "Mozilla/5.0 (Windows NT 10.0; Win64; x64) AppleWebKit/537.36 (KHTML, like Gecko) Chrome/89.0.4389.82 Safari/537.36"
::1 - - [13/Mar/2021:07:11:01 +0000] "POST /graphql HTTP/1.1" 500 243 "http://localhost:3000/" "Mozilla/5.0 (Windows NT 10.0; Win64; x64) AppleWebKit/537.36 (KHTML, like Gecko) Chrome/89.0.4389.82 Safari/537.36"
::1 - - [13/Mar/2021:07:11:21 +0000] "POST /graphql HTTP/1.1" 500 56 "http://localhost:3000/" "Mozilla/5.0 (Windows NT 10.0; Win64; x64) AppleWebKit/537.36 (KHTML, like Gecko) Chrome/89.0.4389.82 Safari/537.36"
::1 - - [13/Mar/2021:07:18:56 +0000] "POST /graphql HTTP/1.1" 500 243 "http://localhost:3000/" "Mozilla/5.0 (Windows NT 10.0; Win64; x64) AppleWebKit/537.36 (KHTML, like Gecko) Chrome/89.0.4389.82 Safari/537.36"
::1 - - [13/Mar/2021:07:19:01 +0000] "POST /graphql HTTP/1.1" 500 243 "http://localhost:3000/" "Mozilla/5.0 (Windows NT 10.0; Win64; x64) AppleWebKit/537.36 (KHTML, like Gecko) Chrome/89.0.4389.82 Safari/537.36"
::1 - - [13/Mar/2021:07:19:10 +0000] "POST /graphql HTTP/1.1" 500 243 "http://localhost:3000/" "Mozilla/5.0 (Windows NT 10.0; Win64; x64) AppleWebKit/537.36 (KHTML, like Gecko) Chrome/89.0.4389.82 Safari/537.36"
::1 - - [13/Mar/2021:07:19:22 +0000] "POST /graphql HTTP/1.1" 500 243 "http://localhost:3000/" "Mozilla/5.0 (Windows NT 10.0; Win64; x64) AppleWebKit/537.36 (KHTML, like Gecko) Chrome/89.0.4389.82 Safari/537.36"
::1 - - [13/Mar/2021:07:20:01 +0000] "POST /graphql HTTP/1.1" 500 243 "http://localhost:3000/" "Mozilla/5.0 (Windows NT 10.0; Win64; x64) AppleWebKit/537.36 (KHTML, like Gecko) Chrome/89.0.4389.82 Safari/537.36"
::1 - - [13/Mar/2021:07:21:07 +0000] "POST /graphql HTTP/1.1" 500 243 "http://localhost:3000/" "Mozilla/5.0 (Windows NT 10.0; Win64; x64) AppleWebKit/537.36 (KHTML, like Gecko) Chrome/89.0.4389.82 Safari/537.36"
::1 - - [13/Mar/2021:07:21:54 +0000] "POST /graphql HTTP/1.1" 500 67 "http://localhost:3000/" "Mozilla/5.0 (Windows NT 10.0; Win64; x64) AppleWebKit/537.36 (KHTML, like Gecko) Chrome/89.0.4389.82 Safari/537.36"
::1 - - [13/Mar/2021:07:23:00 +0000] "POST /graphql HTTP/1.1" 500 106 "http://localhost:3000/" "Mozilla/5.0 (Windows NT 10.0; Win64; x64) AppleWebKit/537.36 (KHTML, like Gecko) Chrome/89.0.4389.82 Safari/537.36"
::1 - - [13/Mar/2021:07:26:40 +0000] "POST /graphql HTTP/1.1" 200 151 "http://localhost:3000/" "Mozilla/5.0 (Windows NT 10.0; Win64; x64) AppleWebKit/537.36 (KHTML, like Gecko) Chrome/89.0.4389.82 Safari/537.36"
::1 - - [13/Mar/2021:07:29:37 +0000] "POST /graphql HTTP/1.1" 200 151 "http://localhost:3000/" "Mozilla/5.0 (Windows NT 10.0; Win64; x64) AppleWebKit/537.36 (KHTML, like Gecko) Chrome/89.0.4389.82 Safari/537.36"
::1 - - [13/Mar/2021:07:31:06 +0000] "POST /graphql HTTP/1.1" 500 101 "http://localhost:3000/" "Mozilla/5.0 (Windows NT 10.0; Win64; x64) AppleWebKit/537.36 (KHTML, like Gecko) Chrome/89.0.4389.82 Safari/537.36"
::1 - - [13/Mar/2021:07:33:57 +0000] "POST /graphql HTTP/1.1" 200 151 "http://localhost:3000/" "Mozilla/5.0 (Windows NT 10.0; Win64; x64) AppleWebKit/537.36 (KHTML, like Gecko) Chrome/89.0.4389.82 Safari/537.36"
::1 - - [13/Mar/2021:07:54:01 +0000] "POST /graphql HTTP/1.1" 200 146 "http://localhost:3000/" "Mozilla/5.0 (Windows NT 10.0; Win64; x64) AppleWebKit/537.36 (KHTML, like Gecko) Chrome/89.0.4389.82 Safari/537.36"
::1 - - [13/Mar/2021:07:55:12 +0000] "POST /graphql HTTP/1.1" 200 146 "http://localhost:3000/" "Mozilla/5.0 (Windows NT 10.0; Win64; x64) AppleWebKit/537.36 (KHTML, like Gecko) Chrome/89.0.4389.82 Safari/537.36"
::1 - - [13/Mar/2021:07:55:41 +0000] "POST /graphql HTTP/1.1" 200 150 "http://localhost:3000/" "Mozilla/5.0 (Windows NT 10.0; Win64; x64) AppleWebKit/537.36 (KHTML, like Gecko) Chrome/89.0.4389.82 Safari/537.36"
::1 - - [13/Mar/2021:07:58:45 +0000] "POST /graphql HTTP/1.1" 200 148 "http://localhost:3000/" "Mozilla/5.0 (Windows NT 10.0; Win64; x64) AppleWebKit/537.36 (KHTML, like Gecko) Chrome/89.0.4389.82 Safari/537.36"
::1 - - [13/Mar/2021:07:58:59 +0000] "POST /graphql HTTP/1.1" 200 148 "http://localhost:3000/" "Mozilla/5.0 (Windows NT 10.0; Win64; x64) AppleWebKit/537.36 (KHTML, like Gecko) Chrome/89.0.4389.82 Safari/537.36"
::1 - - [13/Mar/2021:08:00:34 +0000] "POST /graphql HTTP/1.1" 200 148 "http://localhost:3000/" "Mozilla/5.0 (Windows NT 10.0; Win64; x64) AppleWebKit/537.36 (KHTML, like Gecko) Chrome/89.0.4389.82 Safari/537.36"
::1 - - [13/Mar/2021:08:01:26 +0000] "POST /graphql HTTP/1.1" 200 148 "http://localhost:3000/" "Mozilla/5.0 (Windows NT 10.0; Win64; x64) AppleWebKit/537.36 (KHTML, like Gecko) Chrome/89.0.4389.82 Safari/537.36"
::1 - - [13/Mar/2021:08:02:24 +0000] "POST /graphql HTTP/1.1" 200 148 "http://localhost:3000/" "Mozilla/5.0 (Windows NT 10.0; Win64; x64) AppleWebKit/537.36 (KHTML, like Gecko) Chrome/89.0.4389.82 Safari/537.36"
::1 - - [13/Mar/2021:08:02:44 +0000] "POST /graphql HTTP/1.1" 200 148 "http://localhost:3000/" "Mozilla/5.0 (Windows NT 10.0; Win64; x64) AppleWebKit/537.36 (KHTML, like Gecko) Chrome/89.0.4389.82 Safari/537.36"
::1 - - [13/Mar/2021:08:03:01 +0000] "POST /graphql HTTP/1.1" 200 148 "http://localhost:3000/" "Mozilla/5.0 (Windows NT 10.0; Win64; x64) AppleWebKit/537.36 (KHTML, like Gecko) Chrome/89.0.4389.82 Safari/537.36"
::1 - - [13/Mar/2021:08:03:19 +0000] "POST /graphql HTTP/1.1" 200 148 "http://localhost:3000/" "Mozilla/5.0 (Windows NT 10.0; Win64; x64) AppleWebKit/537.36 (KHTML, like Gecko) Chrome/89.0.4389.82 Safari/537.36"
::1 - - [13/Mar/2021:08:16:31 +0000] "POST /graphql HTTP/1.1" 200 147 "http://localhost:3000/" "Mozilla/5.0 (Windows NT 10.0; Win64; x64) AppleWebKit/537.36 (KHTML, like Gecko) Chrome/89.0.4389.82 Safari/537.36"
::1 - - [13/Mar/2021:08:17:19 +0000] "POST /graphql HTTP/1.1" 200 147 "http://localhost:3000/" "Mozilla/5.0 (Windows NT 10.0; Win64; x64) AppleWebKit/537.36 (KHTML, like Gecko) Chrome/89.0.4389.82 Safari/537.36"
::1 - - [13/Mar/2021:08:18:34 +0000] "POST /graphql HTTP/1.1" 200 147 "http://localhost:3000/" "Mozilla/5.0 (Windows NT 10.0; Win64; x64) AppleWebKit/537.36 (KHTML, like Gecko) Chrome/89.0.4389.82 Safari/537.36"
::1 - - [13/Mar/2021:08:19:50 +0000] "POST /graphql HTTP/1.1" 200 147 "http://localhost:3000/" "Mozilla/5.0 (Windows NT 10.0; Win64; x64) AppleWebKit/537.36 (KHTML, like Gecko) Chrome/89.0.4389.82 Safari/537.36"
::1 - - [13/Mar/2021:08:20:24 +0000] "POST /graphql HTTP/1.1" 500 243 "http://localhost:3000/" "Mozilla/5.0 (Windows NT 10.0; Win64; x64) AppleWebKit/537.36 (KHTML, like Gecko) Chrome/89.0.4389.82 Safari/537.36"
::1 - - [13/Mar/2021:08:24:17 +0000] "POST /graphql HTTP/1.1" 200 146 "http://localhost:3000/" "Mozilla/5.0 (Windows NT 10.0; Win64; x64) AppleWebKit/537.36 (KHTML, like Gecko) Chrome/89.0.4389.82 Safari/537.36"
::1 - - [13/Mar/2021:08:33:42 +0000] "POST /graphql HTTP/1.1" 500 243 "http://localhost:3000/" "Mozilla/5.0 (Windows NT 10.0; Win64; x64) AppleWebKit/537.36 (KHTML, like Gecko) Chrome/89.0.4389.82 Safari/537.36"
::1 - - [13/Mar/2021:08:33:55 +0000] "POST /graphql HTTP/1.1" 500 243 "http://localhost:3000/" "Mozilla/5.0 (Windows NT 10.0; Win64; x64) AppleWebKit/537.36 (KHTML, like Gecko) Chrome/89.0.4389.82 Safari/537.36"
::1 - - [13/Mar/2021:09:33:58 +0000] "POST /graphql HTTP/1.1" 500 243 "http://localhost:3000/" "Mozilla/5.0 (Windows NT 10.0; Win64; x64) AppleWebKit/537.36 (KHTML, like Gecko) Chrome/89.0.4389.82 Safari/537.36"
::1 - - [13/Mar/2021:09:45:31 +0000] "POST /graphql HTTP/1.1" 500 243 "http://localhost:3000/" "Mozilla/5.0 (Windows NT 10.0; Win64; x64) AppleWebKit/537.36 (KHTML, like Gecko) Chrome/89.0.4389.82 Safari/537.36"
::1 - - [13/Mar/2021:09:45:50 +0000] "POST /graphql HTTP/1.1" 500 243 "http://localhost:3000/" "Mozilla/5.0 (Windows NT 10.0; Win64; x64) AppleWebKit/537.36 (KHTML, like Gecko) Chrome/89.0.4389.82 Safari/537.36"
::1 - - [13/Mar/2021:09:45:58 +0000] "POST /graphql HTTP/1.1" 500 243 "http://localhost:3000/" "Mozilla/5.0 (Windows NT 10.0; Win64; x64) AppleWebKit/537.36 (KHTML, like Gecko) Chrome/89.0.4389.82 Safari/537.36"
::1 - - [13/Mar/2021:09:46:43 +0000] "POST /graphql HTTP/1.1" 500 243 "http://localhost:3000/" "Mozilla/5.0 (Windows NT 10.0; Win64; x64) AppleWebKit/537.36 (KHTML, like Gecko) Chrome/89.0.4389.82 Safari/537.36"
::1 - - [13/Mar/2021:09:47:32 +0000] "POST /graphql HTTP/1.1" 500 243 "http://localhost:3000/" "Mozilla/5.0 (Windows NT 10.0; Win64; x64) AppleWebKit/537.36 (KHTML, like Gecko) Chrome/89.0.4389.82 Safari/537.36"
::1 - - [13/Mar/2021:09:53:28 +0000] "POST /graphql HTTP/1.1" 500 243 "http://localhost:3000/" "Mozilla/5.0 (Windows NT 10.0; Win64; x64) AppleWebKit/537.36 (KHTML, like Gecko) Chrome/89.0.4389.82 Safari/537.36"
::1 - - [13/Mar/2021:09:57:02 +0000] "POST /graphql HTTP/1.1" 500 243 "http://localhost:3000/" "Mozilla/5.0 (Windows NT 10.0; Win64; x64) AppleWebKit/537.36 (KHTML, like Gecko) Chrome/89.0.4389.82 Safari/537.36"
::1 - - [13/Mar/2021:09:57:56 +0000] "POST /graphql HTTP/1.1" 500 243 "http://localhost:3000/" "Mozilla/5.0 (Windows NT 10.0; Win64; x64) AppleWebKit/537.36 (KHTML, like Gecko) Chrome/89.0.4389.82 Safari/537.36"
::1 - - [13/Mar/2021:10:04:01 +0000] "POST /graphql HTTP/1.1" 500 243 "http://localhost:3000/" "Mozilla/5.0 (Windows NT 10.0; Win64; x64) AppleWebKit/537.36 (KHTML, like Gecko) Chrome/89.0.4389.82 Safari/537.36"
::1 - - [13/Mar/2021:10:08:00 +0000] "POST /graphql HTTP/1.1" 500 243 "http://localhost:3000/" "Mozilla/5.0 (Windows NT 10.0; Win64; x64) AppleWebKit/537.36 (KHTML, like Gecko) Chrome/89.0.4389.82 Safari/537.36"
::1 - - [13/Mar/2021:10:08:33 +0000] "POST /graphql HTTP/1.1" 500 243 "http://localhost:3000/" "Mozilla/5.0 (Windows NT 10.0; Win64; x64) AppleWebKit/537.36 (KHTML, like Gecko) Chrome/89.0.4389.82 Safari/537.36"
::1 - - [13/Mar/2021:10:09:48 +0000] "POST /graphql HTTP/1.1" 500 165 "http://localhost:3000/" "Mozilla/5.0 (Windows NT 10.0; Win64; x64) AppleWebKit/537.36 (KHTML, like Gecko) Chrome/89.0.4389.82 Safari/537.36"
::1 - - [13/Mar/2021:10:10:43 +0000] "POST /graphql HTTP/1.1" 500 243 "http://localhost:3000/" "Mozilla/5.0 (Windows NT 10.0; Win64; x64) AppleWebKit/537.36 (KHTML, like Gecko) Chrome/89.0.4389.82 Safari/537.36"
::1 - - [13/Mar/2021:10:11:48 +0000] "POST /graphql HTTP/1.1" 500 165 "http://localhost:3000/" "Mozilla/5.0 (Windows NT 10.0; Win64; x64) AppleWebKit/537.36 (KHTML, like Gecko) Chrome/89.0.4389.82 Safari/537.36"
::1 - - [13/Mar/2021:10:12:15 +0000] "POST /graphql HTTP/1.1" 500 126 "http://localhost:3000/" "Mozilla/5.0 (Windows NT 10.0; Win64; x64) AppleWebKit/537.36 (KHTML, like Gecko) Chrome/89.0.4389.82 Safari/537.36"
::1 - - [13/Mar/2021:10:14:16 +0000] "POST /graphql HTTP/1.1" 500 243 "http://localhost:3000/" "Mozilla/5.0 (Windows NT 10.0; Win64; x64) AppleWebKit/537.36 (KHTML, like Gecko) Chrome/89.0.4389.82 Safari/537.36"
::1 - - [13/Mar/2021:10:14:19 +0000] "POST /graphql HTTP/1.1" 500 165 "http://localhost:3000/" "Mozilla/5.0 (Windows NT 10.0; Win64; x64) AppleWebKit/537.36 (KHTML, like Gecko) Chrome/89.0.4389.82 Safari/537.36"
::1 - - [13/Mar/2021:10:15:02 +0000] "POST /graphql HTTP/1.1" 200 151 "http://localhost:3000/" "Mozilla/5.0 (Windows NT 10.0; Win64; x64) AppleWebKit/537.36 (KHTML, like Gecko) Chrome/89.0.4389.82 Safari/537.36"
::1 - - [13/Mar/2021:10:35:12 +0000] "POST /graphql HTTP/1.1" 500 80 "http://localhost:3000/" "Mozilla/5.0 (Windows NT 10.0; Win64; x64) AppleWebKit/537.36 (KHTML, like Gecko) Chrome/89.0.4389.82 Safari/537.36"
::1 - - [13/Mar/2021:10:35:38 +0000] "POST /graphql HTTP/1.1" 200 146 "http://localhost:3000/" "Mozilla/5.0 (Windows NT 10.0; Win64; x64) AppleWebKit/537.36 (KHTML, like Gecko) Chrome/89.0.4389.82 Safari/537.36"
::1 - - [13/Mar/2021:10:53:52 +0000] "POST /graphql HTTP/1.1" 200 146 "http://localhost:3000/" "Mozilla/5.0 (Windows NT 10.0; Win64; x64) AppleWebKit/537.36 (KHTML, like Gecko) Chrome/89.0.4389.82 Safari/537.36"
::1 - - [13/Mar/2021:10:55:13 +0000] "POST /graphql HTTP/1.1" 200 146 "http://localhost:3000/" "Mozilla/5.0 (Windows NT 10.0; Win64; x64) AppleWebKit/537.36 (KHTML, like Gecko) Chrome/89.0.4389.82 Safari/537.36"
::1 - - [13/Mar/2021:10:55:32 +0000] "POST /graphql HTTP/1.1" 200 146 "http://localhost:3000/" "Mozilla/5.0 (Windows NT 10.0; Win64; x64) AppleWebKit/537.36 (KHTML, like Gecko) Chrome/89.0.4389.82 Safari/537.36"
::1 - - [13/Mar/2021:10:56:14 +0000] "POST /graphql HTTP/1.1" 200 149 "http://localhost:3000/" "Mozilla/5.0 (Windows NT 10.0; Win64; x64) AppleWebKit/537.36 (KHTML, like Gecko) Chrome/89.0.4389.82 Safari/537.36"
::1 - - [13/Mar/2021:11:04:48 +0000] "POST /graphql HTTP/1.1" 200 148 "http://localhost:3000/" "Mozilla/5.0 (Windows NT 10.0; Win64; x64) AppleWebKit/537.36 (KHTML, like Gecko) Chrome/89.0.4389.82 Safari/537.36"
::1 - - [13/Mar/2021:11:06:02 +0000] "POST /graphql HTTP/1.1" 500 110 "http://localhost:3000/" "Mozilla/5.0 (Windows NT 10.0; Win64; x64) AppleWebKit/537.36 (KHTML, like Gecko) Chrome/89.0.4389.82 Safari/537.36"
::1 - - [13/Mar/2021:11:06:48 +0000] "POST /graphql HTTP/1.1" 200 148 "http://localhost:3000/" "Mozilla/5.0 (Windows NT 10.0; Win64; x64) AppleWebKit/537.36 (KHTML, like Gecko) Chrome/89.0.4389.82 Safari/537.36"
::1 - - [13/Mar/2021:11:07:43 +0000] "POST /graphql HTTP/1.1" 200 148 "http://localhost:3000/" "Mozilla/5.0 (Windows NT 10.0; Win64; x64) AppleWebKit/537.36 (KHTML, like Gecko) Chrome/89.0.4389.82 Safari/537.36"
::1 - - [13/Mar/2021:11:11:07 +0000] "POST /graphql HTTP/1.1" 500 110 "http://localhost:3000/" "Mozilla/5.0 (Windows NT 10.0; Win64; x64) AppleWebKit/537.36 (KHTML, like Gecko) Chrome/89.0.4389.82 Safari/537.36"
::1 - - [13/Mar/2021:11:11:31 +0000] "POST /graphql HTTP/1.1" 500 110 "http://localhost:3000/" "Mozilla/5.0 (Windows NT 10.0; Win64; x64) AppleWebKit/537.36 (KHTML, like Gecko) Chrome/89.0.4389.82 Safari/537.36"
::1 - - [13/Mar/2021:11:51:34 +0000] "POST /graphql HTTP/1.1" 500 80 "http://localhost:3000/" "Mozilla/5.0 (Windows NT 10.0; Win64; x64) AppleWebKit/537.36 (KHTML, like Gecko) Chrome/89.0.4389.82 Safari/537.36"
::1 - - [13/Mar/2021:11:52:01 +0000] "POST /graphql HTTP/1.1" 200 149 "http://localhost:3000/" "Mozilla/5.0 (Windows NT 10.0; Win64; x64) AppleWebKit/537.36 (KHTML, like Gecko) Chrome/89.0.4389.82 Safari/537.36"
::1 - - [13/Mar/2021:11:53:04 +0000] "POST /graphql HTTP/1.1" 500 80 "http://localhost:3000/" "Mozilla/5.0 (Windows NT 10.0; Win64; x64) AppleWebKit/537.36 (KHTML, like Gecko) Chrome/89.0.4389.82 Safari/537.36"
::1 - - [13/Mar/2021:11:53:13 +0000] "POST /graphql HTTP/1.1" 500 80 "http://localhost:3000/" "Mozilla/5.0 (Windows NT 10.0; Win64; x64) AppleWebKit/537.36 (KHTML, like Gecko) Chrome/89.0.4389.82 Safari/537.36"
::1 - - [13/Mar/2021:11:53:31 +0000] "POST /graphql HTTP/1.1" 200 153 "http://localhost:3000/" "Mozilla/5.0 (Windows NT 10.0; Win64; x64) AppleWebKit/537.36 (KHTML, like Gecko) Chrome/89.0.4389.82 Safari/537.36"
::1 - - [13/Mar/2021:12:16:16 +0000] "POST /graphql HTTP/1.1" 500 80 "http://localhost:3000/" "Mozilla/5.0 (Windows NT 10.0; Win64; x64) AppleWebKit/537.36 (KHTML, like Gecko) Chrome/89.0.4389.82 Safari/537.36"
::1 - - [13/Mar/2021:12:16:31 +0000] "POST /graphql HTTP/1.1" 200 151 "http://localhost:3000/" "Mozilla/5.0 (Windows NT 10.0; Win64; x64) AppleWebKit/537.36 (KHTML, like Gecko) Chrome/89.0.4389.82 Safari/537.36"
::1 - - [13/Mar/2021:12:16:48 +0000] "POST /graphql HTTP/1.1" 200 150 "http://localhost:3000/" "Mozilla/5.0 (Windows NT 10.0; Win64; x64) AppleWebKit/537.36 (KHTML, like Gecko) Chrome/89.0.4389.82 Safari/537.36"
::1 - - [13/Mar/2021:12:18:03 +0000] "POST /graphql HTTP/1.1" 200 148 "http://localhost:3000/" "Mozilla/5.0 (Windows NT 10.0; Win64; x64) AppleWebKit/537.36 (KHTML, like Gecko) Chrome/89.0.4389.82 Safari/537.36"
::1 - - [13/Mar/2021:12:19:09 +0000] "POST /graphql HTTP/1.1" 500 80 "http://localhost:3000/" "Mozilla/5.0 (Windows NT 10.0; Win64; x64) AppleWebKit/537.36 (KHTML, like Gecko) Chrome/89.0.4389.82 Safari/537.36"
::1 - - [13/Mar/2021:12:21:40 +0000] "POST /graphql HTTP/1.1" 200 147 "http://localhost:3000/" "Mozilla/5.0 (Windows NT 10.0; Win64; x64) AppleWebKit/537.36 (KHTML, like Gecko) Chrome/89.0.4389.82 Safari/537.36"
::1 - - [13/Mar/2021:12:22:13 +0000] "POST /graphql HTTP/1.1" 500 77 "http://localhost:3000/" "Mozilla/5.0 (Windows NT 10.0; Win64; x64) AppleWebKit/537.36 (KHTML, like Gecko) Chrome/89.0.4389.82 Safari/537.36"
::1 - - [13/Mar/2021:12:27:13 +0000] "POST /graphql HTTP/1.1" 500 80 "http://localhost:3000/" "Mozilla/5.0 (Windows NT 10.0; Win64; x64) AppleWebKit/537.36 (KHTML, like Gecko) Chrome/89.0.4389.82 Safari/537.36"
::1 - - [13/Mar/2021:12:29:32 +0000] "POST /graphql HTTP/1.1" 500 80 "http://localhost:3000/" "Mozilla/5.0 (Windows NT 10.0; Win64; x64) AppleWebKit/537.36 (KHTML, like Gecko) Chrome/89.0.4389.82 Safari/537.36"
::1 - - [13/Mar/2021:12:37:03 +0000] "POST /graphql HTTP/1.1" 500 243 "http://localhost:3000/" "Mozilla/5.0 (Windows NT 10.0; Win64; x64) AppleWebKit/537.36 (KHTML, like Gecko) Chrome/89.0.4389.82 Safari/537.36"
::1 - - [13/Mar/2021:12:37:21 +0000] "POST /graphql HTTP/1.1" 500 80 "http://localhost:3000/" "Mozilla/5.0 (Windows NT 10.0; Win64; x64) AppleWebKit/537.36 (KHTML, like Gecko) Chrome/89.0.4389.82 Safari/537.36"
::1 - - [13/Mar/2021:12:39:54 +0000] "POST /graphql HTTP/1.1" 500 80 "http://localhost:3000/" "Mozilla/5.0 (Windows NT 10.0; Win64; x64) AppleWebKit/537.36 (KHTML, like Gecko) Chrome/89.0.4389.82 Safari/537.36"
::1 - - [13/Mar/2021:12:40:52 +0000] "POST /graphql HTTP/1.1" 500 80 "http://localhost:3000/" "Mozilla/5.0 (Windows NT 10.0; Win64; x64) AppleWebKit/537.36 (KHTML, like Gecko) Chrome/89.0.4389.82 Safari/537.36"
::1 - - [13/Mar/2021:12:45:27 +0000] "POST /graphql HTTP/1.1" 200 146 "http://localhost:3000/" "Mozilla/5.0 (Windows NT 10.0; Win64; x64) AppleWebKit/537.36 (KHTML, like Gecko) Chrome/89.0.4389.82 Safari/537.36"
